"../../../../../Unreal Projects/TestProject/Content/Geometry/Mat_1.uasset" 0
"../../../../../Unreal Projects/TestProject/Content/Geometry/testbackground.uasset" 1
"../../../../../Unreal Projects/TestProject/Content/Geometry/Mesh.uasset" 2
"../../../../../Unreal Projects/TestProject/Content/Geometry/Mat.uasset" 3
"../../../../../Unreal Projects/TestProject/Content/Geometry/Mesh_001.uasset" 4
"../../../../../Unreal Projects/TestProject/Content/Geometry/Mat_002.uasset" 5
"../../../../../Unreal Projects/TestProject/Content/Geometry/Mesh_002.uasset" 6
"../../../../../Unreal Projects/TestProject/Content/Geometry/Mesh_003.uasset" 7
"../../../../../Unreal Projects/TestProject/Content/Geometry/Mesh_004.uasset" 8
"../../../../../Unreal Projects/TestProject/Content/Geometry/Mesh_007.uasset" 9
"../../../../../Unreal Projects/TestProject/Content/Geometry/Mesh_008.uasset" 10
"../../../../../Unreal Projects/TestProject/Content/Geometry/Mesh_009.uasset" 11
"../../../../../Unreal Projects/TestProject/Content/Geometry/Mesh_010.uasset" 12
"../../../../../Unreal Projects/TestProject/Content/Geometry/Mesh_011.uasset" 13
"../../../../../Unreal Projects/TestProject/Content/Geometry/Mesh_012.uasset" 14
"../../../../../Unreal Projects/TestProject/Content/Geometry/Mesh_015.uasset" 15
"../../../../../Unreal Projects/TestProject/Content/Geometry/Mesh_016.uasset" 16
"../../../../../Unreal Projects/TestProject/Content/Geometry/Mesh_017.uasset" 17
"../../../../../Unreal Projects/TestProject/Content/Geometry/Mesh_018.uasset" 18
"../../../../../Unreal Projects/TestProject/Content/Geometry/Mesh_022.uasset" 19
"../../../../../Unreal Projects/TestProject/Content/Geometry/Mesh_023.uasset" 20
"../../../../../Unreal Projects/TestProject/Content/Geometry/Mesh_024.uasset" 21
"../../../../../Unreal Projects/TestProject/Content/Geometry/Mesh_025.uasset" 22
"../../../../../Unreal Projects/TestProject/Content/Geometry/Mesh_026.uasset" 23
"../../../../../Unreal Projects/TestProject/Content/Geometry/Mesh_027.uasset" 24
"../../../../../Unreal Projects/TestProject/Content/Geometry/Mesh_028.uasset" 25
"../../../../../Unreal Projects/TestProject/Content/Geometry/Mesh_029.uasset" 26
"../../../../../Unreal Projects/TestProject/Content/Geometry/Mesh_033.uasset" 27
"../../../../../Unreal Projects/TestProject/Content/Geometry/Mesh_034.uasset" 28
"../../../../../Unreal Projects/TestProject/Content/Geometry/Mesh_035.uasset" 29
"../../../../../Unreal Projects/TestProject/Content/Geometry/Mesh_036.uasset" 30
"../../../../../Unreal Projects/TestProject/Content/Geometry/Mesh_037.uasset" 31
"../../../../../Unreal Projects/TestProject/Content/Geometry/Mesh_038.uasset" 32
"../../../../../Unreal Projects/TestProject/Content/Geometry/Mesh_039.uasset" 33
"../../../../../Unreal Projects/TestProject/Content/Geometry/Mesh_040.uasset" 34
"../../../../../Unreal Projects/TestProject/Content/Geometry/Mesh_041.uasset" 35
"../../../../../Unreal Projects/TestProject/Content/Geometry/Mesh_044.uasset" 36
"../../../../../Unreal Projects/TestProject/Content/Geometry/Mesh_045.uasset" 37
"../../../../../Unreal Projects/TestProject/Content/Geometry/Mesh_048.uasset" 38
"../../../../../Unreal Projects/TestProject/Content/Geometry/Mesh_049.uasset" 39
"../../../../../Unreal Projects/TestProject/Content/Geometry/Mesh_050.uasset" 40
"../../../../../Unreal Projects/TestProject/Content/Geometry/Mesh_051.uasset" 41
"../../../../../Unreal Projects/TestProject/Content/Geometry/Mesh_054.uasset" 42
"../../../../../Unreal Projects/TestProject/Content/Geometry/Mesh_056.uasset" 43
"../../../../../Unreal Projects/TestProject/Content/Geometry/Mesh_057.uasset" 44
"../../../../../Unreal Projects/TestProject/Content/Geometry/Mesh_058.uasset" 45
"../../../../../Unreal Projects/TestProject/Content/Geometry/Mesh_059.uasset" 46
"../../../../../Unreal Projects/TestProject/Content/Geometry/Mesh_064.uasset" 47
"../../../../../Unreal Projects/TestProject/Content/Geometry/Mesh_065.uasset" 48
"../../../../../Unreal Projects/TestProject/Content/Geometry/Mesh_066.uasset" 49
"../../../../../Unreal Projects/TestProject/Content/Geometry/Mesh_067.uasset" 50
"../../../../../Unreal Projects/TestProject/Content/Geometry/Mesh_068.uasset" 51
"../../../../../Unreal Projects/TestProject/Content/Geometry/Mesh_069.uasset" 52
"../../../../../Unreal Projects/TestProject/Content/Geometry/Mesh_072.uasset" 53
"../../../../../Unreal Projects/TestProject/Content/Geometry/Mesh_075.uasset" 54
"../../../../../Unreal Projects/TestProject/Content/Geometry/Mesh_077.uasset" 55
"../../../../../Unreal Projects/TestProject/Content/Geometry/Mesh_078.uasset" 56
"../../../../../Unreal Projects/TestProject/Content/Geometry/Mesh_079.uasset" 57
"../../../../../Unreal Projects/TestProject/Content/Geometry/Mesh_080.uasset" 58
"../../../../../Unreal Projects/TestProject/Content/Geometry/Mesh_081.uasset" 59
"../../../../../Unreal Projects/TestProject/Content/Geometry/Mesh_082.uasset" 60
"../../../../../Unreal Projects/TestProject/Content/Geometry/Mesh_083.uasset" 61
"../../../../../Unreal Projects/TestProject/Content/Geometry/Mesh_084.uasset" 62
"../../../../../Unreal Projects/TestProject/Content/Geometry/Mesh_085.uasset" 63
"../../../../../Unreal Projects/TestProject/Content/Geometry/Mesh_088.uasset" 64
"../../../../../Unreal Projects/TestProject/Content/Geometry/Mesh_089.uasset" 65
"../../../../../Unreal Projects/TestProject/Content/Geometry/Mesh_090.uasset" 66
"../../../../../Unreal Projects/TestProject/Content/Geometry/Mesh_091.uasset" 67
"../../../../../Unreal Projects/TestProject/Content/Geometry/Mesh_092.uasset" 68
"../../../../../Unreal Projects/TestProject/Content/Geometry/Mesh_093.uasset" 69
"../../../../../Unreal Projects/TestProject/Content/Geometry/Mesh_094.uasset" 70
"../../../../../Unreal Projects/TestProject/Content/Geometry/Mesh_097.uasset" 71
"../../../../../Unreal Projects/TestProject/Content/Geometry/Mesh_098.uasset" 72
"../../../../../Unreal Projects/TestProject/Content/Geometry/Mesh_099.uasset" 73
"../../../../../Unreal Projects/TestProject/Content/Geometry/Mesh_100.uasset" 74
"../../../../../Unreal Projects/TestProject/Content/Geometry/Mesh_101.uasset" 75
"../../../../../Unreal Projects/TestProject/Content/Geometry/Mesh_102.uasset" 76
"../../../../../Unreal Projects/TestProject/Content/Geometry/Mesh_103.uasset" 77
"../../../../../Unreal Projects/TestProject/Content/Geometry/Mesh_104.uasset" 78
"../../../../../Unreal Projects/TestProject/Content/Geometry/Mesh_105.uasset" 79
"../../../../../Unreal Projects/TestProject/Content/Geometry/Mesh_109.uasset" 80
"../../../../../Unreal Projects/TestProject/Content/Geometry/Mesh_113.uasset" 81
"../../../../../Unreal Projects/TestProject/Content/Geometry/Mesh_114.uasset" 82
"../../../../../Unreal Projects/TestProject/Content/Geometry/Mesh_117.uasset" 83
"../../../../../Unreal Projects/TestProject/Content/Geometry/Mesh_118.uasset" 84
"../../../../../Unreal Projects/TestProject/Content/Geometry/Mesh_119.uasset" 85
"../../../../../Unreal Projects/TestProject/Content/Geometry/Mesh_120.uasset" 86
"../../../../../Unreal Projects/TestProject/Content/Geometry/Mesh_121.uasset" 87
"../../../../../Unreal Projects/TestProject/Content/Geometry/Mesh_122.uasset" 88
"../../../../../Unreal Projects/TestProject/Content/Geometry/Mesh_123.uasset" 89
"../../../../../Unreal Projects/TestProject/Content/Geometry/Mesh_126.uasset" 90
"../../../../../Unreal Projects/TestProject/Content/Geometry/Mesh_127.uasset" 91
"../../../../../Unreal Projects/TestProject/Content/Geometry/Mesh_132.uasset" 92
"../../../../../Unreal Projects/TestProject/Content/Geometry/Mesh_133.uasset" 93
"../../../../../Unreal Projects/TestProject/Content/Geometry/Mesh_134.uasset" 94
"../../../../../Unreal Projects/TestProject/Content/Geometry/Mesh_135.uasset" 95
"../../../../../Unreal Projects/TestProject/Content/Geometry/Mesh_136.uasset" 96
"../../../../../Unreal Projects/TestProject/Content/Geometry/Mesh_137.uasset" 97
"../../../../../Unreal Projects/TestProject/Content/Geometry/Mesh_141.uasset" 98
"../../../../../Unreal Projects/TestProject/Content/Geometry/Mesh_142.uasset" 99
"../../../../../Unreal Projects/TestProject/Content/Geometry/Mesh_143.uasset" 100
"../../../../../Unreal Projects/TestProject/Content/Geometry/Mesh_144.uasset" 101
"../../../../../Unreal Projects/TestProject/Content/Geometry/Mesh_145.uasset" 102
"../../../../../Unreal Projects/TestProject/Content/Geometry/Mesh_148.uasset" 103
"../../../../../Unreal Projects/TestProject/Content/Geometry/Mesh_149.uasset" 104
"../../../../../Unreal Projects/TestProject/Content/Geometry/Mesh_151.uasset" 105
"../../../../../Unreal Projects/TestProject/Content/Geometry/Mesh_152.uasset" 106
"../../../../../Unreal Projects/TestProject/Content/Geometry/Mesh_153.uasset" 107
"../../../../../Unreal Projects/TestProject/Content/Geometry/Mesh_154.uasset" 108
"../../../../../Unreal Projects/TestProject/Content/Geometry/Mesh_155.uasset" 109
"../../../../../Unreal Projects/TestProject/Content/Geometry/Mesh_156.uasset" 110
"../../../../../Unreal Projects/TestProject/Content/Geometry/Mesh_157.uasset" 111
"../../../../../Unreal Projects/TestProject/Content/Geometry/Mesh_158.uasset" 112
"../../../../../Unreal Projects/TestProject/Content/Geometry/Mesh_159.uasset" 113
"../../../../../Unreal Projects/TestProject/Content/Geometry/Mesh_160.uasset" 114
"../../../../../Unreal Projects/TestProject/Content/Geometry/Mesh_161.uasset" 115
"../../../../../Unreal Projects/TestProject/Content/Geometry/Mesh_162.uasset" 116
"../../../../../Unreal Projects/TestProject/Content/Geometry/Mesh_163.uasset" 117
"../../../../../Unreal Projects/TestProject/Content/Geometry/Mesh_164.uasset" 118
"../../../../../Unreal Projects/TestProject/Content/Geometry/Mesh_167.uasset" 119
"../../../../../Unreal Projects/TestProject/Content/Geometry/Mesh_168.uasset" 120
"../../../../../Unreal Projects/TestProject/Content/Geometry/Mesh_171.uasset" 121
"../../../../../Unreal Projects/TestProject/Content/Geometry/Mesh_172.uasset" 122
"../../../../../Unreal Projects/TestProject/Content/Geometry/Mesh_173.uasset" 123
"../../../../../Unreal Projects/TestProject/Content/Geometry/Mesh_174.uasset" 124
"../../../../../Unreal Projects/TestProject/Content/Geometry/Mesh_175.uasset" 125
"../../../../../Unreal Projects/TestProject/Content/Geometry/Mesh_176.uasset" 126
"../../../../../Unreal Projects/TestProject/Content/Geometry/Mesh_177.uasset" 127
"../../../../../Unreal Projects/TestProject/Content/Geometry/Mesh_178.uasset" 128
"../../../../../Unreal Projects/TestProject/Content/Geometry/Mesh_179.uasset" 129
"../../../../../Unreal Projects/TestProject/Content/Geometry/Mesh_180.uasset" 130
"../../../../../Unreal Projects/TestProject/Content/Geometry/Mesh_181.uasset" 131
"../../../../../Unreal Projects/TestProject/Content/Geometry/Mesh_184.uasset" 132
"../../../../../Unreal Projects/TestProject/Content/Geometry/Mesh_185.uasset" 133
"../../../../../Unreal Projects/TestProject/Content/Geometry/Mesh_186.uasset" 134
"../../../../../Unreal Projects/TestProject/Content/Geometry/Mesh_187.uasset" 135
"../../../../../Unreal Projects/TestProject/Content/Geometry/Mesh_192.uasset" 136
"../../../../../Unreal Projects/TestProject/Content/Geometry/Mesh_198.uasset" 137
"../../../../../Unreal Projects/TestProject/Content/Geometry/Mesh_199.uasset" 138
"../../../../../Unreal Projects/TestProject/Content/Geometry/Mesh_200.uasset" 139
"../../../../../Unreal Projects/TestProject/Content/Geometry/Mesh_201.uasset" 140
"../../../../../Unreal Projects/TestProject/Content/Geometry/Mesh_202.uasset" 141
"../../../../../Unreal Projects/TestProject/Content/Geometry/Mesh_203.uasset" 142
"../../../../../Unreal Projects/TestProject/Content/Geometry/Mesh_204.uasset" 143
"../../../../../Unreal Projects/TestProject/Content/Geometry/Mesh_205.uasset" 144
"../../../../../Unreal Projects/TestProject/Content/Geometry/Mesh_207.uasset" 145
"../../../../../Unreal Projects/TestProject/Content/Geometry/Mesh_208.uasset" 146
"../../../../../Unreal Projects/TestProject/Content/Geometry/Mesh_210.uasset" 147
"../../../../../Unreal Projects/TestProject/Content/Geometry/Mesh_211.uasset" 148
"../../../../../Unreal Projects/TestProject/Content/Geometry/Mesh_212.uasset" 149
"../../../../../Unreal Projects/TestProject/Content/Geometry/Mesh_213.uasset" 150
"../../../../../Unreal Projects/TestProject/Content/Geometry/Mesh_214.uasset" 151
"../../../../../Unreal Projects/TestProject/Content/Geometry/Mesh_217.uasset" 152
"../../../../../Unreal Projects/TestProject/Content/Geometry/Mesh_218.uasset" 153
"../../../../../Unreal Projects/TestProject/Content/Geometry/Mesh_219.uasset" 154
"../../../../../Unreal Projects/TestProject/Content/Geometry/Mesh_220.uasset" 155
"../../../../../Unreal Projects/TestProject/Content/Geometry/Mesh_221.uasset" 156
"../../../../../Unreal Projects/TestProject/Content/Geometry/Mesh_222.uasset" 157
"../../../../../Unreal Projects/TestProject/Content/Geometry/Mesh_223.uasset" 158
"../../../../../Unreal Projects/TestProject/Content/Geometry/Mesh_224.uasset" 159
"../../../../../Unreal Projects/TestProject/Content/Geometry/Mesh_226.uasset" 160
"../../../../../Unreal Projects/TestProject/Content/Geometry/Mesh_227.uasset" 161
"../../../../../Unreal Projects/TestProject/Content/Geometry/Mesh_228.uasset" 162
"../../../../../Unreal Projects/TestProject/Content/Geometry/Mesh_229.uasset" 163
"../../../../../Unreal Projects/TestProject/Content/Geometry/Mesh_230.uasset" 164
"../../../../../Unreal Projects/TestProject/Content/Geometry/Mat_2.uasset" 165
"../../../../../Unreal Projects/TestProject/Content/Geometry/Mat_4.uasset" 166
"../../../../../Unreal Projects/TestProject/Content/Geometry/Mat_5.uasset" 167
"../../../../../Unreal Projects/TestProject/Content/Geometry/Mat_3.uasset" 168
"../../../../../Unreal Projects/TestProject/Content/Geometry/Mesh_231.uasset" 169
"../../../../../Unreal Projects/TestProject/Content/Geometry/Meshes/CubeMaterial.uasset" 170
"../../../../../Unreal Projects/TestProject/Content/Geometry/Meshes/1M_Cube_Chamfer.uasset" 171
"../../../../../Unreal Projects/TestProject/Content/Mannequin/Character/Mesh/UE4_Mannequin_Skeleton.uasset" 172
"../../../../../Unreal Projects/TestProject/Content/Mannequin/Animations/ThirdPersonJump_End.uasset" 173
"../../../../../Unreal Projects/TestProject/Content/Mannequin/Character/Mesh/SK_Mannequin_Female_PhysicsAsset.uasset" 174
"../../../../../Unreal Projects/TestProject/Content/Mannequin/Character/Textures/T_UE4Logo_N.uasset" 175
"../../../../../Unreal Projects/TestProject/Content/Mannequin/Character/Textures/T_UE4Logo_Mask.uasset" 176
"../../../../../Unreal Projects/TestProject/Content/Mannequin/Character/Textures/T_Male_N.uasset" 177
"../../../../../Unreal Projects/TestProject/Content/Mannequin/Character/Textures/T_Male_Mask.uasset" 178
"../../../../../Unreal Projects/TestProject/Content/Mannequin/Character/Materials/MaterialLayers/T_ML_Rubber_Blue_01_N.uasset" 179
"../../../../../Unreal Projects/TestProject/Content/Mannequin/Character/Materials/MaterialLayers/T_ML_Rubber_Blue_01_D.uasset" 180
"../../../../../Unreal Projects/TestProject/Content/Mannequin/Character/Materials/MaterialLayers/T_ML_Aluminum01_N.uasset" 181
"../../../../../Unreal Projects/TestProject/Content/Mannequin/Character/Materials/MaterialLayers/T_ML_Aluminum01.uasset" 182
"../../../../../Unreal Projects/TestProject/Content/Mannequin/Character/Materials/MaterialLayers/ML_SoftMetal_UE4.uasset" 183
"../../../../../Unreal Projects/TestProject/Content/Mannequin/Character/Materials/MaterialLayers/ML_Plastic_Shiny_Beige_LOGO.uasset" 184
"../../../../../Unreal Projects/TestProject/Content/Mannequin/Character/Materials/MaterialLayers/ML_Plastic_Shiny_Beige.uasset" 185
"../../../../../Unreal Projects/TestProject/Content/Mannequin/Character/Materials/MaterialLayers/ML_GlossyBlack_Latex_UE4.uasset" 186
"../../../Engine/Content/Functions/MaterialLayerFunctions/MatLayerBlend_Simple.uasset" 187
"../../../Engine/Content/Functions/Engine_MaterialFunctions02/Utility/BlendAngleCorrectedNormals.uasset" 188
"../../../Engine/Content/Functions/MaterialLayerFunctions/MatLayerBlend_NormalBlend.uasset" 189
"../../../../../Unreal Projects/TestProject/Content/Mannequin/Character/Materials/M_Male_Body.uasset" 190
"../../../../../Unreal Projects/TestProject/Content/Mannequin/Character/Materials/M_UE4Man_ChestLogo.uasset" 191
"../../../../../Unreal Projects/TestProject/Content/Mannequin/Character/Textures/T_Female_N.uasset" 192
"../../../../../Unreal Projects/TestProject/Content/Mannequin/Character/Textures/T_Female_Mask.uasset" 193
"../../../../../Unreal Projects/TestProject/Content/Mannequin/Character/Materials/MI_Female_Body.uasset" 194
"../../../../../Unreal Projects/TestProject/Content/Mannequin/Character/Mesh/SK_Mannequin_Female.uasset" 195
"../../../../../Unreal Projects/TestProject/Content/SideScrollerCPP/SideScrollerOverview.uasset" 196
"../../../../../Unreal Projects/TestProject/Content/StarterContent/Materials/M_Basic_Wall.uasset" 197
"../../../../../Unreal Projects/TestProject/Content/StarterContent/Architecture/Pillar_50x500.uasset" 198
"../../../../../Unreal Projects/TestProject/Content/StarterContent/Architecture/Wall_400x300.uasset" 199
"../../../../../Unreal Projects/TestProject/Content/StarterContent/Architecture/Wall_400x400.uasset" 200
"../../../../../Unreal Projects/TestProject/Content/StarterContent/Architecture/Wall_500x500.uasset" 201
"../../../../../Unreal Projects/TestProject/Content/StarterContent/Architecture/Wall_Door_400x400.uasset" 202
"../../../../../Unreal Projects/TestProject/Content/StarterContent/Architecture/Wall_Window_400x400.uasset" 203
"../../../../../Unreal Projects/TestProject/Content/StarterContent/Audio/Collapse01.uasset" 204
"../../../../../Unreal Projects/TestProject/Content/StarterContent/Audio/Collapse02.uasset" 205
"../../../../../Unreal Projects/TestProject/Content/StarterContent/Audio/Explosion01.uasset" 206
"../../../../../Unreal Projects/TestProject/Content/StarterContent/Audio/Explosion02.uasset" 207
"../../../../../Unreal Projects/TestProject/Content/StarterContent/Audio/Fire01.uasset" 208
"../../../../../Unreal Projects/TestProject/Content/StarterContent/Audio/Fire_Sparks01.uasset" 209
"../../../../../Unreal Projects/TestProject/Content/StarterContent/Audio/Light01.uasset" 210
"../../../../../Unreal Projects/TestProject/Content/StarterContent/Audio/Light01_Cue.uasset" 211
"../../../../../Unreal Projects/TestProject/Content/StarterContent/Audio/Light02.uasset" 212
"../../../../../Unreal Projects/TestProject/Content/StarterContent/Audio/Light02_Cue.uasset" 213
"../../../../../Unreal Projects/TestProject/Content/StarterContent/Audio/Smoke01.uasset" 214
"../../../../../Unreal Projects/TestProject/Content/StarterContent/Audio/Starter_Birds01.uasset" 215
"../../../../../Unreal Projects/TestProject/Content/StarterContent/Audio/Starter_Music01.uasset" 216
"../../../../../Unreal Projects/TestProject/Content/StarterContent/Audio/Starter_Wind05.uasset" 217
"../../../../../Unreal Projects/TestProject/Content/StarterContent/Audio/Starter_Wind06.uasset" 218
"../../../../../Unreal Projects/TestProject/Content/StarterContent/Audio/Steam01.uasset" 219
"../../../../../Unreal Projects/TestProject/Content/StarterContent/Textures/T_Smoke_Tiled_D.uasset" 220
"../../../../../Unreal Projects/TestProject/Content/StarterContent/Textures/T_Smoke_SubUV.uasset" 221
"../../../../../Unreal Projects/TestProject/Content/StarterContent/Particles/Materials/M_smoke_subUV.uasset" 222
"../../../Engine/Content/Functions/Engine_MaterialFunctions01/Gradient/RadialGradient.uasset" 223
"../../../../../Unreal Projects/TestProject/Content/StarterContent/Particles/Materials/M_radial_ramp.uasset" 224
"../../../../../Unreal Projects/TestProject/Content/StarterContent/Particles/Materials/m_flare_01.uasset" 225
"../../../../../Unreal Projects/TestProject/Content/StarterContent/Textures/T_Explosion_SubUV.uasset" 226
"../../../../../Unreal Projects/TestProject/Content/StarterContent/Particles/Materials/M_explosion_subUV.uasset" 227
"../../../../../Unreal Projects/TestProject/Content/StarterContent/Textures/T_Burst_M.uasset" 228
"../../../../../Unreal Projects/TestProject/Content/StarterContent/Particles/Materials/M_Burst.uasset" 229
"../../../../../Unreal Projects/TestProject/Content/StarterContent/Particles/P_Explosion.uasset" 230
"../../../../../Unreal Projects/TestProject/Content/StarterContent/Audio/Explosion_Cue.uasset" 231
"../../../../../Unreal Projects/TestProject/Content/StarterContent/Blueprints/Blueprint_Effect_Explosion.uasset" 232
"../../../../../Unreal Projects/TestProject/Content/Mannequin/Character/Mesh/SK_Mannequin_PhysicsAsset.uasset" 233
"../../../../../Unreal Projects/TestProject/Content/Mannequin/Character/Mesh/SK_Mannequin.uasset" 234
"../../../Engine/Content/EditorBlueprintResources/StandardMacros.uasset" 235
"../../../Engine/Content/Animation/DefaultAnimCurveCompressionSettings.uasset" 236
"../../../Engine/Content/Animation/DefaultAnimBoneCompressionSettings.uasset" 237
"../../../../../Unreal Projects/TestProject/Content/Mannequin/Animations/ThirdPersonWalk.uasset" 238
"../../../../../Unreal Projects/TestProject/Content/Mannequin/Animations/ThirdPersonRun.uasset" 239
"../../../../../Unreal Projects/TestProject/Content/Mannequin/Animations/ThirdPersonIdle.uasset" 240
"../../../../../Unreal Projects/TestProject/Content/Mannequin/Animations/ThirdPerson_IdleRun_2D.uasset" 241
"../../../../../Unreal Projects/TestProject/Content/Mannequin/Animations/ThirdPerson_Jump.uasset" 242
"../../../../../Unreal Projects/TestProject/Content/Mannequin/Animations/ThirdPersonJump_Start.uasset" 243
"../../../../../Unreal Projects/TestProject/Content/Mannequin/Animations/ThirdPersonJump_Loop.uasset" 244
"../../../../../Unreal Projects/TestProject/Content/Mannequin/Animations/ThirdPerson_AnimBP.uasset" 245
"../../../../../Unreal Projects/TestProject/Content/SideScrollerCPP/Blueprints/SideScrollerCharacter.uasset" 246
"../../../Engine/Content/EditorMeshes/ColorCalibrator/T_ColorGrid.uasset" 247
"../../../../../Unreal Projects/TestProject/Content/StarterContent/Materials/M_ColorGrid_LowSpec.uasset" 248
"../../../../../Unreal Projects/TestProject/Content/StarterContent/Textures/T_Bush_N.uasset" 249
"../../../../../Unreal Projects/TestProject/Content/StarterContent/Textures/T_Bush_D.uasset" 250
"../../../../../Unreal Projects/TestProject/Content/StarterContent/Props/Materials/M_Bush.uasset" 251
"../../../../../Unreal Projects/TestProject/Content/StarterContent/Props/SM_Bush.uasset" 252
"../../../../../Unreal Projects/TestProject/Content/StarterContent/Textures/T_Chair_N.uasset" 253
"../../../../../Unreal Projects/TestProject/Content/StarterContent/Textures/T_Chair_M.uasset" 254
"../../../../../Unreal Projects/TestProject/Content/StarterContent/Props/Materials/M_Chair.uasset" 255
"../../../../../Unreal Projects/TestProject/Content/StarterContent/Props/SM_Couch.uasset" 256
"../../../../../Unreal Projects/TestProject/Content/StarterContent/Textures/T_Door_N.uasset" 257
"../../../../../Unreal Projects/TestProject/Content/StarterContent/Textures/T_Door_M.uasset" 258
"../../../../../Unreal Projects/TestProject/Content/StarterContent/Props/Materials/M_Door.uasset" 259
"../../../../../Unreal Projects/TestProject/Content/StarterContent/Materials/M_Glass.uasset" 260
"../../../../../Unreal Projects/TestProject/Content/StarterContent/Props/SM_Door.uasset" 261
"../../../../../Unreal Projects/TestProject/Content/StarterContent/Props/Materials/M_MaterialSphere_Plain.uasset" 262
"../../../../../Unreal Projects/TestProject/Content/StarterContent/Props/Materials/M_MaterialSphere.uasset" 263
"../../../../../Unreal Projects/TestProject/Content/StarterContent/Props/SM_MatPreviewMesh_02.uasset" 264
"../../../../../Unreal Projects/TestProject/Content/StarterContent/Textures/T_RockMesh_N.uasset" 265
"../../../../../Unreal Projects/TestProject/Content/StarterContent/Textures/T_RockMesh_M.uasset" 266
"../../../../../Unreal Projects/TestProject/Content/StarterContent/Textures/T_Detail_Rocky_N.uasset" 267
"../../../../../Unreal Projects/TestProject/Content/StarterContent/Textures/T_Rock_Basalt_D.uasset" 268
"../../../../../Unreal Projects/TestProject/Content/StarterContent/Props/Materials/M_Rock.uasset" 269
"../../../../../Unreal Projects/TestProject/Content/StarterContent/Props/SM_Rock.uasset" 270
"../../../../../Unreal Projects/TestProject/Content/StarterContent/Textures/T_Shelf_N.uasset" 271
"../../../../../Unreal Projects/TestProject/Content/StarterContent/Textures/T_Shelf_M.uasset" 272
"../../../../../Unreal Projects/TestProject/Content/StarterContent/Props/Materials/M_Shelf.uasset" 273
"../../../../../Unreal Projects/TestProject/Content/StarterContent/Props/SM_Shelf.uasset" 274
"../../../../../Unreal Projects/TestProject/Content/StarterContent/Materials/M_Basic_Floor.uasset" 275
"../../../../../Unreal Projects/TestProject/Content/StarterContent/Props/SM_Stairs.uasset" 276
"../../../../../Unreal Projects/TestProject/Content/StarterContent/Shapes/Shape_Cone.uasset" 277
"../../../../../Unreal Projects/TestProject/Content/StarterContent/Shapes/Shape_Cylinder.uasset" 278
"../../../../../Unreal Projects/TestProject/Content/StarterContent/Shapes/Shape_NarrowCapsule.uasset" 279
"../../../../../Unreal Projects/TestProject/Content/StarterContent/Shapes/Shape_Pipe.uasset" 280
"../../../../../Unreal Projects/TestProject/Content/StarterContent/Shapes/Shape_Pipe_180.uasset" 281
"../../../../../Unreal Projects/TestProject/Content/StarterContent/Shapes/Shape_Pipe_90.uasset" 282
"../../../../../Unreal Projects/TestProject/Content/StarterContent/Shapes/Shape_Plane.uasset" 283
"../../../../../Unreal Projects/TestProject/Content/StarterContent/Shapes/Shape_Torus.uasset" 284
"../../../../../Unreal Projects/TestProject/Content/StarterContent/Shapes/Shape_Trim.uasset" 285
"../../../../../Unreal Projects/TestProject/Content/StarterContent/Shapes/Shape_Trim_90_In.uasset" 286
"../../../../../Unreal Projects/TestProject/Content/StarterContent/Shapes/Shape_Trim_90_Out.uasset" 287
"../../../../../Unreal Projects/TestProject/Content/StarterContent/Shapes/Shape_TriPyramid.uasset" 288
"../../../../../Unreal Projects/TestProject/Content/StarterContent/Shapes/Shape_Tube.uasset" 289
"../../../../../Unreal Projects/TestProject/Content/StarterContent/Shapes/Shape_Wedge_A.uasset" 290
"../../../../../Unreal Projects/TestProject/Content/StarterContent/Shapes/Shape_Wedge_B.uasset" 291
"../../../../../Unreal Projects/TestProject/Content/StarterContent/Shapes/Shape_WideCapsule.uasset" 292
"../../../Engine/Content/EngineMaterials/T_Default_Material_Grid_N.uasset" 293
"../../../Engine/Content/EngineMaterials/T_Default_Material_Grid_M.uasset" 294
"../../../Engine/Content/Functions/Engine_MaterialFunctions01/Opacity/CameraDepthFade.uasset" 295
"../../../Engine/Content/EngineMaterials/WorldGridMaterial.uasset" 296
"../../../Engine/Content/ArtTools/RenderToTexture/Meshes/S_1_Unit_Plane.uasset" 297
"../../../Engine/Content/EngineMaterials/DefaultMaterial.uasset" 298
"../../../Engine/Content/BasicShapes/Cone.uasset" 299
"../../../Engine/Content/BasicShapes/Cube.uasset" 300
"../../../Engine/Content/BasicShapes/Plane.uasset" 301
"../../../Engine/Content/BasicShapes/Sphere.uasset" 302
"../../../Engine/Content/EditorLandscapeResources/DataLayer.uasset" 303
"../../../Engine/Content/EditorLandscapeResources/DefaultAlphaTexture.uasset" 304
"../../../Engine/Content/EditorMaterials/MAT_Groups_Toggle.uasset" 305
"../../../Engine/Content/EditorMaterials/MAT_Groups_Visibility.uasset" 306
"../../../Engine/Content/EditorMaterials/PreviewShadowIndicator.uasset" 307
"../../../Engine/Content/EditorMaterials/PreviewShadowIndicatorMaterial.uasset" 308
"../../../Engine/Content/EditorMaterials/MatineeGroups/MAT_ColorTrack.uasset" 309
"../../../Engine/Content/EditorMaterials/MatineeGroups/MAT_Groups_Anim.uasset" 310
"../../../Engine/Content/EditorMaterials/MatineeGroups/MAT_Groups_AudioMaster.uasset" 311
"../../../Engine/Content/EditorMaterials/MatineeGroups/MAT_Groups_Director.uasset" 312
"../../../Engine/Content/EditorMaterials/MatineeGroups/MAT_Groups_Event.uasset" 313
"../../../Engine/Content/EditorMaterials/MatineeGroups/MAT_Groups_Fade.uasset" 314
"../../../Engine/Content/EditorMaterials/MatineeGroups/MAT_Groups_Float.uasset" 315
"../../../Engine/Content/EditorMaterials/MatineeGroups/MAT_Groups_Move.uasset" 316
"../../../Engine/Content/EditorMaterials/MatineeGroups/MAT_Groups_Slomo.uasset" 317
"../../../Engine/Content/EditorMaterials/MatineeGroups/MAT_Groups_Sound.uasset" 318
"../../../Engine/Content/EditorMaterials/MatineeGroups/MAT_Groups_Vector.uasset" 319
"../../../Engine/Content/EditorMaterials/ParticleSystems/PSysThumbnail_NoImage.uasset" 320
"../../../Engine/Content/EditorMaterials/ParticleSystems/PSysThumbnail_OOD.uasset" 321
"../../../Engine/Content/EditorMaterials/Camera/CineMat.uasset" 322
"../../../Engine/Content/EditorMaterials/Camera/MI_CineMat_Rig.uasset" 323
"../../../Engine/Content/EditorMeshes/Camera/SM_CraneRig_Arm.uasset" 324
"../../../Engine/Content/EditorMeshes/Camera/SM_CraneRig_Base.uasset" 325
"../../../Engine/Content/EditorMeshes/Camera/SM_CraneRig_Body.uasset" 326
"../../../Engine/Content/EditorMeshes/Camera/SM_CraneRig_Mount.uasset" 327
"../../../Engine/Content/EditorMeshes/Camera/SM_RailRig_Mount.uasset" 328
"../../../Engine/Content/EditorMeshes/Camera/SM_RailRig_Track.uasset" 329
"../../../Engine/Content/EditorResources/BSPVertex.uasset" 330
"../../../Engine/Content/EditorResources/EmptyActor.uasset" 331
"../../../Engine/Content/EditorResources/S_Actor.uasset" 332
"../../../Engine/Content/EditorResources/S_Note.uasset" 333
"../../../Engine/Content/EditorResources/S_Solver.uasset" 334
"../../../Engine/Content/EditorResources/S_Terrain.uasset" 335
"../../../Engine/Content/EditorResources/S_Trigger.uasset" 336
"../../../Engine/Content/EditorResources/AudioIcons/S_AudioComponent.uasset" 337
"../../../Engine/Content/EditorResources/AudioIcons/S_AudioComponent_AutoActivate.uasset" 338
"../../../Engine/Content/EditorResources/LightIcons/S_LightError.uasset" 339
"../../../Engine/Content/EditorResources/SequenceRecorder/Countdown.uasset" 340
"../../../Engine/Content/EditorResources/SequenceRecorder/RecordingIndicator.uasset" 341
"../../../Engine/Content/EngineDamageTypes/DmgTypeBP_Environmental.uasset" 342
"../../../Engine/Content/EngineDebugMaterials/DebugEditorMaterial.uasset" 343
"../../../Engine/Content/EngineDebugMaterials/DebugMeshMaterial.uasset" 344
"../../../Engine/Content/EngineDebugMaterials/M_SimpleUnlitTranslucent.uasset" 345
"../../../Engine/Content/EngineDebugMaterials/VolumeToRender.uasset" 346
"../../../Engine/Content/Functions/Engine_MaterialFunctions02/Utility/CameraDirectionVector.uasset" 347
"../../../Engine/Content/EngineDebugMaterials/M_VolumeRenderSphereTracePP.uasset" 348
"../../../Engine/Content/Functions/Engine_MaterialFunctions01/Shading/ConvertFromDiffSpec.uasset" 349
"../../../Engine/Content/EngineDebugMaterials/VertexColorMaterial.uasset" 350
"../../../Engine/Content/EngineDebugMaterials/WireframeMaterial.uasset" 351
"../../../Engine/Content/EngineFonts/Faces/RobotoRegular.uasset" 352
"../../../Engine/Content/EngineFonts/Faces/RobotoLight.uasset" 353
"../../../Engine/Content/EngineFonts/Faces/RobotoItalic.uasset" 354
"../../../Engine/Content/EngineFonts/Faces/RobotoBoldItalic.uasset" 355
"../../../Engine/Content/EngineFonts/Faces/RobotoBold.uasset" 356
"../../../Engine/Content/EngineFonts/Faces/DroidSansFallback.uasset" 357
"../../../Engine/Content/EngineFonts/Roboto.uasset" 358
"../../../Engine/Content/EngineMaterials/BaseFlattenNormalMap.uasset" 359
"../../../Engine/Content/EngineMaterials/BaseFlattenGrayscaleMap.uasset" 360
"../../../Engine/Content/EngineMaterials/BaseFlattenEmissiveMap.uasset" 361
"../../../Engine/Content/EngineMaterials/BaseFlattenDiffuseMap.uasset" 362
"../../../Engine/Content/EngineMaterials/BaseFlattenMaterial.uasset" 363
"../../../Engine/Content/EngineMaterials/BlueNoise.uasset" 364
"../../../Engine/Content/EngineMaterials/DefaultBloomKernel.uasset" 365
"../../../Engine/Content/EngineMaterials/DefaultBokeh.uasset" 366
"../../../Engine/Content/EngineMaterials/DefaultDiffuse.uasset" 367
"../../../Engine/Content/EngineMaterials/DefaultDeferredDecalMaterial.uasset" 368
"../../../Engine/Content/EngineMaterials/DefaultLightFunctionMaterial.uasset" 369
"../../../Engine/Content/EngineMaterials/DefaultPhysicalMaterial.uasset" 370
"../../../Engine/Content/Functions/Engine_MaterialFunctions02/Utility/BreakOutFloat2Components.uasset" 371
"../../../Engine/Content/EngineMaterials/DefaultPostProcessMaterial.uasset" 372
"../../../Engine/Content/EngineFonts/RobotoDistanceField.uasset" 373
"../../../Engine/Content/EngineMaterials/DefaultTextMaterialOpaque.uasset" 374
"../../../Engine/Content/EngineMaterials/DefaultWhiteGrid.uasset" 375
"../../../Engine/Content/EngineMaterials/DefaultWhiteGrid_Low.uasset" 376
"../../../Engine/Content/EngineMaterials/EmissiveMeshMaterial.uasset" 377
"../../../Engine/Content/EngineMaterials/GizmoMaterial.uasset" 378
"../../../Engine/Content/EngineMaterials/Good64x64TilingNoiseHighFreq.uasset" 379
"../../../Engine/Content/EngineMaterials/MiniFont.uasset" 380
"../../../Engine/Content/EngineMaterials/InvalidLightmapSettings.uasset" 381
"../../../Engine/Content/EngineMaterials/M_InvalidLightmapSettings.uasset" 382
"../../../Engine/Content/Functions/Engine_MaterialFunctions02/WorldPositionOffset/CameraOffset.uasset" 383
"../../../Engine/Content/EngineMaterials/PhAT_JointLimitMaterial.uasset" 384
"../../../Engine/Content/EngineMaterials/PreintegratedSkinBRDF.uasset" 385
"../../../Engine/Content/EngineMaterials/RemoveSurfaceMaterial.uasset" 386
"../../../Engine/Content/EngineMaterials/WeightMapPlaceholderTexture.uasset" 387
"../../../Engine/Content/EngineResources/WhiteSquareTexture.uasset" 388
"../../../Engine/Content/EngineMaterials/Widget3DPassThrough.uasset" 389
"../../../Engine/Content/EngineMaterials/Widget3DPassThrough_Masked.uasset" 390
"../../../Engine/Content/EngineMaterials/Widget3DPassThrough_Opaque.uasset" 391
"../../../Engine/Content/EngineMaterials/Widget3DPassThrough_Masked_OneSided.uasset" 392
"../../../Engine/Content/EngineMaterials/Widget3DPassThrough_Opaque_OneSided.uasset" 393
"../../../Engine/Content/EngineMaterials/Widget3DPassThrough_Translucent.uasset" 394
"../../../Engine/Content/EngineMaterials/Widget3DPassThrough_Translucent_OneSided.uasset" 395
"../../../Engine/Content/EngineMeshes/Cylinder.uasset" 396
"../../../Engine/Content/EngineMeshes/Sphere.uasset" 397
"../../../Engine/Content/EngineResources/Black.uasset" 398
"../../../Engine/Content/EngineResources/DefaultTextureCube.uasset" 399
"../../../Engine/Content/EngineResources/DefaultVolumeTexture2D.uasset" 400
"../../../Engine/Content/EngineResources/DefaultVolumeTexture.uasset" 401
"../../../Engine/Content/EngineResources/GradientTexture0.uasset" 402
"../../../Engine/Content/EngineSky/VolumetricClouds/T_NoiseShape64.uasset" 403
"../../../Engine/Content/EngineSky/VolumetricClouds/T_VolumeNoiseShape64.uasset" 404
"../../../Engine/Content/EngineSky/VolumetricClouds/T_NoiseErosion.uasset" 405
"../../../Engine/Content/EngineSky/VolumetricClouds/T_VolumeNoiseErosion32.uasset" 406
"../../../Engine/Content/EngineSky/VolumetricClouds/CloudWeatherTexture.uasset" 407
"../../../Engine/Content/EngineSky/VolumetricClouds/CloudGradientTexture.uasset" 408
"../../../Engine/Content/Functions/Engine_MaterialFunctions02/Utility/MakeFloat2.uasset" 409
"../../../Engine/Content/EngineSky/VolumetricClouds/m_SimpleVolumetricCloud.uasset" 410
"../../../Engine/Content/EngineSky/VolumetricClouds/m_SimpleVolumetricCloud_Inst.uasset" 411
"../../../Engine/Content/EngineSounds/Master.uasset" 412
"../../../Engine/Content/Functions/Engine_MaterialFunctions01/Shading/PowerToRoughness.uasset" 413
"../../../Engine/Content/Maps/Templates/Thumbnails/Default.uasset" 414
"../../../Engine/Content/Maps/Templates/Thumbnails/TimeOfDay.uasset" 415
"../../../Engine/Content/Maps/Templates/Thumbnails/VR-Basic.uasset" 416
"../../../Engine/Content/MobileResources/T_MobileControls_texture.uasset" 417
"../../../Engine/Content/MobileResources/T_MobileMenu2.uasset" 418
"../../../Engine/Content/MobileResources/HUD/AnalogHat.uasset" 419
"../../../Engine/Content/MobileResources/HUD/VirtualJoystick_Thumb.uasset" 420
"../../../Engine/Content/MobileResources/HUD/VirtualJoystick_Background.uasset" 421
"../../../Engine/Content/MobileResources/HUD/DefaultVirtualJoysticks.uasset" 422
"../../../Engine/Content/MobileResources/HUD/LeftVirtualJoystickOnly.uasset" 423
"../../../Engine/Content/MobileResources/HUD/MobileHUDButton1_off.uasset" 424
"../../../Engine/Content/MobileResources/HUD/MobileHUDButton1_on.uasset" 425
"../../../Engine/Content/MobileResources/HUD/MobileHUDButton2_off.uasset" 426
"../../../Engine/Content/MobileResources/HUD/MobileHUDButton2_on.uasset" 427
"../../../Engine/Content/MobileResources/HUD/MobileHUDButton3.uasset" 428
"../../../Engine/Content/MobileResources/HUD/MobileHUDButtonFire.uasset" 429
"../../../Engine/Content/MobileResources/HUD/MobileHUDDirectionPad.uasset" 430
"../../../Engine/Content/MobileResources/HUD/MobileHUDDirectionPad2.uasset" 431
"../../../Engine/Content/MobileResources/HUD/MobileHUDDirectionPad3.uasset" 432
"../../../Engine/Content/MobileResources/HUD/MobileHUDDirectionStick.uasset" 433
"../../../Engine/Content/MobileResources/HUD/T_Castle_ThumbstickInner.uasset" 434
"../../../Engine/Content/MobileResources/HUD/T_Castle_ThumbstickOutter.uasset" 435
"../../../Engine/Content/Tutorial/ContentIntroCurve.uasset" 436
"../../../Engine/Content/Tutorial/Basics/LevelEditorAttract.uasset" 437
"../../../Engine/Content/VREditor/TransformGizmo/TranslucentTransformGizmoMaterial.uasset" 438
"../../../Engine/Content/VREditor/LaserPointer/VR_LaserPower_01.uasset" 439
"../../../Engine/Content/VREditor/TransformGizmo/TransformGizmoMaterial.uasset" 440
"../../../Engine/Content/VREditor/TransformGizmo/BoundingBoxCorner.uasset" 441
"../../../Engine/Content/VREditor/TransformGizmo/BoundingBoxEdge.uasset" 442
"../../../Engine/Content/VREditor/TransformGizmo/PlaneTranslationHandle.uasset" 443
"../../../Engine/Content/VREditor/TransformGizmo/Xray.uasset" 444
"../../../Engine/Content/VREditor/TransformGizmo/Main.uasset" 445
"../../../Engine/Content/VREditor/TransformGizmo/SM_Sequencer_Key.uasset" 446
"../../../Engine/Content/VREditor/TransformGizmo/SM_Sequencer_Node.uasset" 447
"../../Plugins/2D/Paper2D/Content/PlaceholderTextures/DummySpriteTexture.uasset" 448
"../../Plugins/2D/Paper2D/Content/DummySprite.uasset" 449
"../../Plugins/2D/Paper2D/Content/DefaultPaperTerrainMaterial.uasset" 450
"../../Plugins/2D/Paper2D/Content/DefaultSpriteMaterial.uasset" 451
"../../Plugins/2D/Paper2D/Content/MaskedUnlitSpriteMaterial.uasset" 452
"../../Plugins/2D/Paper2D/Content/OpaqueUnlitSpriteMaterial.uasset" 453
"../../../Engine/Content/Functions/Engine_MaterialFunctions02/ObjectLocalBounds.uasset" 454
"../../../Engine/Content/Functions/Engine_MaterialFunctions02/Utility/BreakOutFloat3Components.uasset" 455
"../../Plugins/Editor/SpeedTreeImporter/Content/SpeedTree9/UnpackInteger3.uasset" 456
"../../Plugins/Editor/SpeedTreeImporter/Content/SpeedTree9/UnpackDirection.uasset" 457
"../../Plugins/Editor/SpeedTreeImporter/Content/SpeedTree9/game_wind_noise.uasset" 458
"../../../Engine/Content/Functions/Engine_MaterialFunctions02/SafeNormalize.uasset" 459
"../../Plugins/Editor/SpeedTreeImporter/Content/SpeedTree9/SpeedTreeWindMotion.uasset" 460
"../../Plugins/Editor/SpeedTreeImporter/Content/SpeedTree9/SpeedTreeBranchMotion.uasset" 461
"../../../Engine/Content/Functions/Engine_MaterialFunctions02/UVs/BoundingBoxBased_0-1_UVW.uasset" 462
"../../Plugins/Editor/SpeedTreeImporter/Content/SpeedTree9/SpeedTreeWind.uasset" 463
"../../Plugins/Editor/SpeedTreeImporter/Content/SpeedTree9/SpeedTreeBillboard.uasset" 464
"../../../Engine/Content/EngineResources/DefaultTexture.uasset" 465
"../../Plugins/Editor/SpeedTreeImporter/Content/SpeedTree9/SpeedTreeBillboardMaster.uasset" 466
"../../Plugins/Editor/SpeedTreeImporter/Content/SpeedTree9/SpeedTreeCameraFacing.uasset" 467
"../../Plugins/Editor/SpeedTreeImporter/Content/SpeedTree9/SpeedTreeMaster.uasset" 468
"../../../Engine/Content/BasicShapes/Cylinder.uasset" 469
"../../../Engine/Content/ArtTools/RenderToTexture/Materials/Debug/M_Emissive_Color.uasset" 470
"../../Plugins/Lumin/MagicLeapPassableWorld/Content/MagicLeapARPinInfoActor.uasset" 471
"../../../Engine/Content/Functions/Engine_MaterialFunctions02/Utility/BreakOutFloat4Components.uasset" 472
"../../../Engine/Content/Functions/Engine_MaterialFunctions02/Utility/MakeFloat3.uasset" 473
"../../Plugins/Runtime/Oculus/OculusVR/Content/Materials/OculusMR_ChromaKey.uasset" 474
"../../Plugins/Runtime/Oculus/OculusVR/Content/Materials/OculusMR_OpaqueColoredMaterial.uasset" 475
"../../Plugins/Runtime/Oculus/OculusVR/Content/Materials/PokeAHoleMaterial.uasset" 476
"../../../Engine/Content/EngineSky/T_Sky_Stars.uasset" 477
"../../../Engine/Content/EngineSky/T_Sky_Clouds_M.uasset" 478
"../../../Engine/Content/EngineSky/T_Sky_Blue.uasset" 479
"../../../Engine/Content/EngineSky/M_Sky_Panning_Clouds2.uasset" 480
"../../../Engine/Content/Functions/Engine_MaterialFunctions03/Procedurals/ComputeFilterWidth.uasset" 481
"../../../Engine/Content/EngineMaterials/AntiAliasedTextMaterialTranslucent.uasset" 482
"../../../../../Unreal Projects/TestProject/Content/SideScrollerCPP/Maps/SideScrollerExampleMap_BuiltData.uasset" 483
"../../../Engine/Content/EngineSky/SM_SkySphere.uasset" 484
"../../../Engine/Content/EngineSky/C_Sky_Zenith_Color.uasset" 485
"../../../Engine/Content/EngineSky/C_Sky_Horizon_Color.uasset" 486
"../../../Engine/Content/EngineSky/C_Sky_Cloud_Color.uasset" 487
"../../../Engine/Content/EngineSky/BP_Sky_Sphere.uasset" 488
"../../../../../Unreal Projects/TestProject/Content/Mannequin/Character/Mesh/MENU_INT.uasset" 489
"../../../../../Unreal Projects/TestProject/Content/Geometry/Meshes/TemplateFloor.uasset" 490
"../../../../../Unreal Projects/TestProject/Content/Geometry/Meshes/1M_Cube.uasset" 491
"../../../../../Unreal Projects/TestProject/Content/SideScrollerCPP/Maps/SideScrollerExampleMap.umap" 492
"../../../Engine/Content/EditorMeshes/ColorCalibrator/M_GreyBall.uasset" 493
"../../../Engine/Content/EditorMeshes/ColorCalibrator/Color_checker.uasset" 494
"../../../Engine/Content/EditorMeshes/ColorCalibrator/M_ColorGrid.uasset" 495
"../../../Engine/Content/EditorMeshes/ColorCalibrator/M_ClearCoatBlack.uasset" 496
"../../../Engine/Content/EditorMeshes/ColorCalibrator/M_ClearCoat.uasset" 497
"../../../Engine/Content/EditorMeshes/ColorCalibrator/M_ChromeBall.uasset" 498
"../../../Engine/Content/EditorMeshes/ColorCalibrator/SM_ColorCalibrator.uasset" 499
"../../../../../Unreal Projects/TestProject/Content/StarterContent/Maps/Advanced_Lighting_BuiltData.uasset" 500
"../../../../../Unreal Projects/TestProject/Content/StarterContent/HDRI/HDRI_Epic_Courtyard_Daylight.uasset" 501
"../../../Engine/Content/MapTemplates/Sky/DaylightAmbientCubemap.uasset" 502
"../../../../../Unreal Projects/TestProject/Content/StarterContent/Blueprints/Assets/M_LightStage_Skybox_Master.uasset" 503
"../../../../../Unreal Projects/TestProject/Content/StarterContent/Blueprints/Assets/M_LightStage_Skybox_HDRI.uasset" 504
"../../../../../Unreal Projects/TestProject/Content/StarterContent/Blueprints/Assets/M_LightStage_Arrows.uasset" 505
"../../../../../Unreal Projects/TestProject/Content/StarterContent/Blueprints/Assets/SM_Arrows.uasset" 506
"../../../Engine/Content/EditorMaterials/Thumbnails/SkySphereMaterial.uasset" 507
"../../../../../Unreal Projects/TestProject/Content/StarterContent/Blueprints/Assets/Skybox.uasset" 508
"../../../../../Unreal Projects/TestProject/Content/StarterContent/Blueprints/Assets/M_LightStage_Skybox_Black.uasset" 509
"../../../../../Unreal Projects/TestProject/Content/StarterContent/Blueprints/Assets/SunlightColorLUT.uasset" 510
"../../../../../Unreal Projects/TestProject/Content/StarterContent/Blueprints/Assets/FogBrightnessLUT.uasset" 511
"../../../../../Unreal Projects/TestProject/Content/StarterContent/Blueprints/BP_LightStudio.uasset" 512
"../../../../../Unreal Projects/TestProject/Content/StarterContent/Materials/M_AssetPlatform.uasset" 513
"../../../../../Unreal Projects/TestProject/Content/StarterContent/Architecture/SM_AssetPlatform.uasset" 514
"../../../../../Unreal Projects/TestProject/Content/StarterContent/Maps/Advanced_Lighting.umap" 515
"../../../../../Unreal Projects/TestProject/Content/StarterContent/Textures/T_TableRound_N.uasset" 516
"../../../../../Unreal Projects/TestProject/Content/StarterContent/Textures/T_TableRound_M.uasset" 517
"../../../../../Unreal Projects/TestProject/Content/StarterContent/Props/Materials/M_TableRound.uasset" 518
"../../../../../Unreal Projects/TestProject/Content/StarterContent/Props/SM_TableRound.uasset" 519
"../../../../../Unreal Projects/TestProject/Content/StarterContent/Textures/T_Statue_N.uasset" 520
"../../../../../Unreal Projects/TestProject/Content/StarterContent/Textures/T_Statue_M.uasset" 521
"../../../../../Unreal Projects/TestProject/Content/StarterContent/Props/Materials/M_Statue.uasset" 522
"../../../../../Unreal Projects/TestProject/Content/StarterContent/Props/Materials/M_StatueGlass.uasset" 523
"../../../../../Unreal Projects/TestProject/Content/StarterContent/Props/SM_Statue.uasset" 524
"../../../../../Unreal Projects/TestProject/Content/StarterContent/Props/SM_Chair.uasset" 525
"../../../../../Unreal Projects/TestProject/Content/StarterContent/Textures/T_MacroVariation.uasset" 526
"../../../../../Unreal Projects/TestProject/Content/StarterContent/Textures/T_Metal_Copper_D.uasset" 527
"../../../../../Unreal Projects/TestProject/Content/StarterContent/Textures/T_Metal_Gold_N.uasset" 528
"../../../../../Unreal Projects/TestProject/Content/StarterContent/Materials/M_Metal_Copper.uasset" 529
"../../../../../Unreal Projects/TestProject/Content/StarterContent/Textures/T_Metal_Aluminum_D.uasset" 530
"../../../../../Unreal Projects/TestProject/Content/StarterContent/Materials/M_Metal_Burnished_Steel.uasset" 531
"../../../../../Unreal Projects/TestProject/Content/StarterContent/Materials/M_Metal_Brushed_Nickel.uasset" 532
"../../../../../Unreal Projects/TestProject/Content/StarterContent/Maps/Minimal_Default_BuiltData.uasset" 533
"../../../../../Unreal Projects/TestProject/Content/StarterContent/Audio/Starter_Background_Cue.uasset" 534
"../../../../../Unreal Projects/TestProject/Content/StarterContent/Architecture/Floor_400x400.uasset" 535
"../../../../../Unreal Projects/TestProject/Content/StarterContent/Maps/Minimal_Default.umap" 536
"../../../../../Unreal Projects/TestProject/Content/StarterContent/Shapes/Shape_Sphere.uasset" 537
"../../../../../Unreal Projects/TestProject/Content/StarterContent/Shapes/Shape_QuadPyramid.uasset" 538
"../../../../../Unreal Projects/TestProject/Content/StarterContent/Shapes/Shape_Cube.uasset" 539
"../../../../../Unreal Projects/TestProject/Content/StarterContent/Textures/T_Frame_N.uasset" 540
"../../../../../Unreal Projects/TestProject/Content/StarterContent/Textures/T_Frame_M.uasset" 541
"../../../../../Unreal Projects/TestProject/Content/StarterContent/Props/Materials/M_Frame.uasset" 542
"../../../../../Unreal Projects/TestProject/Content/StarterContent/Props/SM_WindowFrame.uasset" 543
"../../../../../Unreal Projects/TestProject/Content/StarterContent/Props/SM_PillarFrame300.uasset" 544
"../../../../../Unreal Projects/TestProject/Content/StarterContent/Props/SM_PillarFrame.uasset" 545
"../../../../../Unreal Projects/TestProject/Content/StarterContent/Props/SM_GlassWindow.uasset" 546
"../../../../../Unreal Projects/TestProject/Content/StarterContent/Props/SM_DoorFrame.uasset" 547
"../../../../../Unreal Projects/TestProject/Content/StarterContent/Props/SM_CornerFrame.uasset" 548
"../../../../../Unreal Projects/TestProject/Content/StarterContent/Props/MaterialSphere.uasset" 549
"../../../../../Unreal Projects/TestProject/Content/StarterContent/Textures/T_Dust_Particle_D.uasset" 550
"../../../../../Unreal Projects/TestProject/Content/StarterContent/Particles/Materials/M_Dust_Particle.uasset" 551
"../../../../../Unreal Projects/TestProject/Content/StarterContent/Particles/P_Ambient_Dust.uasset" 552
"../../../../../Unreal Projects/TestProject/Content/StarterContent/Textures/T_Wood_Walnut_N.uasset" 553
"../../../../../Unreal Projects/TestProject/Content/StarterContent/Textures/T_Wood_Walnut_D.uasset" 554
"../../../../../Unreal Projects/TestProject/Content/StarterContent/Materials/M_Wood_Walnut.uasset" 555
"../../../../../Unreal Projects/TestProject/Content/StarterContent/Textures/T_Perlin_Noise_M.uasset" 556
"../../../../../Unreal Projects/TestProject/Content/StarterContent/Textures/T_Wood_Pine_N.uasset" 557
"../../../../../Unreal Projects/TestProject/Content/StarterContent/Textures/T_Wood_Pine_D.uasset" 558
"../../../../../Unreal Projects/TestProject/Content/StarterContent/Materials/M_Wood_Pine.uasset" 559
"../../../../../Unreal Projects/TestProject/Content/StarterContent/Textures/T_Wood_Oak_N.uasset" 560
"../../../../../Unreal Projects/TestProject/Content/StarterContent/Textures/T_Wood_Oak_D.uasset" 561
"../../../../../Unreal Projects/TestProject/Content/StarterContent/Materials/M_Wood_Oak.uasset" 562
"../../../Engine/Content/Functions/Engine_MaterialFunctions01/Opacity/AlphaOffset.uasset" 563
"../../../../../Unreal Projects/TestProject/Content/StarterContent/Textures/T_Wood_Floor_Walnut_N.uasset" 564
"../../../../../Unreal Projects/TestProject/Content/StarterContent/Textures/T_Wood_Floor_Walnut_M.uasset" 565
"../../../../../Unreal Projects/TestProject/Content/StarterContent/Textures/T_Wood_Floor_Walnut_D.uasset" 566
"../../../../../Unreal Projects/TestProject/Content/StarterContent/Materials/M_Wood_Floor_Walnut_Worn.uasset" 567
"../../../../../Unreal Projects/TestProject/Content/StarterContent/Materials/M_Wood_Floor_Walnut_Polished.uasset" 568
"../../../../../Unreal Projects/TestProject/Content/StarterContent/Textures/T_Water_M.uasset" 569
"../../../../../Unreal Projects/TestProject/Content/StarterContent/Textures/T_Water_N.uasset" 570
"../../../../../Unreal Projects/TestProject/Content/StarterContent/Materials/M_Water_Ocean.uasset" 571
"../../../../../Unreal Projects/TestProject/Content/StarterContent/Materials/M_Water_Lake.uasset" 572
"../../../../../Unreal Projects/TestProject/Content/StarterContent/Textures/T_Tech_Panel_N.uasset" 573
"../../../../../Unreal Projects/TestProject/Content/StarterContent/Textures/T_Tech_Panel_M.uasset" 574
"../../../../../Unreal Projects/TestProject/Content/StarterContent/Textures/T_Metal_Steel_D.uasset" 575
"../../../../../Unreal Projects/TestProject/Content/StarterContent/Materials/M_Tech_Panel.uasset" 576
"../../../../../Unreal Projects/TestProject/Content/StarterContent/Textures/T_Tech_Hex_Tile_N.uasset" 577
"../../../../../Unreal Projects/TestProject/Content/StarterContent/Textures/T_Tech_Hex_Tile_M.uasset" 578
"../../../../../Unreal Projects/TestProject/Content/StarterContent/Materials/M_Tech_Hex_Tile_Pulse.uasset" 579
"../../../../../Unreal Projects/TestProject/Content/StarterContent/Materials/M_Tech_Hex_Tile.uasset" 580
"../../../../../Unreal Projects/TestProject/Content/StarterContent/Textures/T_Tech_Dot_N.uasset" 581
"../../../../../Unreal Projects/TestProject/Content/StarterContent/Textures/T_Tech_Dot_M.uasset" 582
"../../../../../Unreal Projects/TestProject/Content/StarterContent/Textures/T_Single_Tile_N.uasset" 583
"../../../../../Unreal Projects/TestProject/Content/StarterContent/Textures/T_Checker_Noise_M.uasset" 584
"../../../../../Unreal Projects/TestProject/Content/StarterContent/Materials/M_Tech_Checker_Dot.uasset" 585
"../../../../../Unreal Projects/TestProject/Content/StarterContent/Textures/T_Rock_Slate_N.uasset" 586
"../../../../../Unreal Projects/TestProject/Content/StarterContent/Textures/T_Rock_Slate_D.uasset" 587
"../../../../../Unreal Projects/TestProject/Content/StarterContent/Materials/M_Rock_Slate.uasset" 588
"../../../../../Unreal Projects/TestProject/Content/StarterContent/Textures/T_Rock_Sandstone_N.uasset" 589
"../../../../../Unreal Projects/TestProject/Content/StarterContent/Textures/T_Rock_Sandstone_D.uasset" 590
"../../../../../Unreal Projects/TestProject/Content/StarterContent/Materials/M_Rock_Sandstone.uasset" 591
"../../../../../Unreal Projects/TestProject/Content/StarterContent/Textures/T_Rock_Marble_Polished_D.uasset" 592
"../../../../../Unreal Projects/TestProject/Content/StarterContent/Materials/M_Rock_Marble_Polished.uasset" 593
"../../../../../Unreal Projects/TestProject/Content/StarterContent/Textures/T_Rock_Basalt_N.uasset" 594
"../../../../../Unreal Projects/TestProject/Content/StarterContent/Materials/M_Rock_Basalt.uasset" 595
"../../../../../Unreal Projects/TestProject/Content/StarterContent/Textures/T_Metal_Steel_N.uasset" 596
"../../../../../Unreal Projects/TestProject/Content/StarterContent/Materials/M_Metal_Steel.uasset" 597
"../../../../../Unreal Projects/TestProject/Content/StarterContent/Textures/T_Metal_Rust_N.uasset" 598
"../../../../../Unreal Projects/TestProject/Content/StarterContent/Textures/T_Metal_Rust_D.uasset" 599
"../../../../../Unreal Projects/TestProject/Content/StarterContent/Materials/M_Metal_Rust.uasset" 600
"../../../../../Unreal Projects/TestProject/Content/StarterContent/Textures/T_Metal_Gold_D.uasset" 601
"../../../../../Unreal Projects/TestProject/Content/StarterContent/Materials/M_Metal_Gold.uasset" 602
"../../../../../Unreal Projects/TestProject/Content/StarterContent/Materials/M_Metal_Chrome.uasset" 603
"../../../../../Unreal Projects/TestProject/Content/StarterContent/Textures/T_Ground_Moss_N.uasset" 604
"../../../../../Unreal Projects/TestProject/Content/StarterContent/Textures/T_ground_Moss_D.uasset" 605
"../../../../../Unreal Projects/TestProject/Content/StarterContent/Materials/M_Ground_Moss.uasset" 606
"../../../../../Unreal Projects/TestProject/Content/StarterContent/Textures/T_Ground_Gravel_N.uasset" 607
"../../../../../Unreal Projects/TestProject/Content/StarterContent/Textures/T_Ground_Gravel_D.uasset" 608
"../../../../../Unreal Projects/TestProject/Content/StarterContent/Materials/M_Ground_Gravel.uasset" 609
"../../../../../Unreal Projects/TestProject/Content/StarterContent/Textures/T_Ground_Grass_N.uasset" 610
"../../../../../Unreal Projects/TestProject/Content/StarterContent/Textures/T_Ground_Grass_D.uasset" 611
"../../../../../Unreal Projects/TestProject/Content/StarterContent/Materials/M_Ground_Grass.uasset" 612
"../../../../../Unreal Projects/TestProject/Content/StarterContent/Textures/T_Concrete_Tiles_Variation_M.uasset" 613
"../../../../../Unreal Projects/TestProject/Content/StarterContent/Textures/T_Concrete_Tiles_N.uasset" 614
"../../../../../Unreal Projects/TestProject/Content/StarterContent/Textures/T_Concrete_Tiles_M.uasset" 615
"../../../../../Unreal Projects/TestProject/Content/StarterContent/Textures/T_Concrete_Tiles_D.uasset" 616
"../../../../../Unreal Projects/TestProject/Content/StarterContent/Materials/M_Concrete_Tiles.uasset" 617
"../../../../../Unreal Projects/TestProject/Content/StarterContent/Textures/T_Concrete_Poured_N.uasset" 618
"../../../../../Unreal Projects/TestProject/Content/StarterContent/Textures/T_Concrete_Poured_D.uasset" 619
"../../../../../Unreal Projects/TestProject/Content/StarterContent/Materials/M_Concrete_Poured.uasset" 620
"../../../../../Unreal Projects/TestProject/Content/StarterContent/Textures/T_Concrete_Panels_N.uasset" 621
"../../../../../Unreal Projects/TestProject/Content/StarterContent/Textures/T_Concrete_Panels_D.uasset" 622
"../../../../../Unreal Projects/TestProject/Content/StarterContent/Materials/M_Concrete_Panels.uasset" 623
"../../../../../Unreal Projects/TestProject/Content/StarterContent/Textures/T_Concrete_Grime_D.uasset" 624
"../../../../../Unreal Projects/TestProject/Content/StarterContent/Materials/M_Concrete_Grime.uasset" 625
"../../../../../Unreal Projects/TestProject/Content/StarterContent/Textures/T_CobbleStone_Smooth_N.uasset" 626
"../../../../../Unreal Projects/TestProject/Content/StarterContent/Textures/T_CobbleStone_Smooth_M.uasset" 627
"../../../../../Unreal Projects/TestProject/Content/StarterContent/Textures/T_CobbleStone_Smooth_D.uasset" 628
"../../../../../Unreal Projects/TestProject/Content/StarterContent/Textures/T_Rock_Smooth_Granite_D.uasset" 629
"../../../../../Unreal Projects/TestProject/Content/StarterContent/Textures/T_Gradinet_01.uasset" 630
"../../../../../Unreal Projects/TestProject/Content/StarterContent/Materials/M_CobbleStone_Smooth.uasset" 631
"../../../../../Unreal Projects/TestProject/Content/StarterContent/Textures/T_CobbleStone_Rough_N.uasset" 632
"../../../../../Unreal Projects/TestProject/Content/StarterContent/Textures/T_CobbleStone_Rough_D.uasset" 633
"../../../../../Unreal Projects/TestProject/Content/StarterContent/Materials/M_CobbleStone_Rough.uasset" 634
"../../../../../Unreal Projects/TestProject/Content/StarterContent/Textures/T_CobbleStone_Pebble_N.uasset" 635
"../../../../../Unreal Projects/TestProject/Content/StarterContent/Textures/T_CobbleStone_Pebble_M.uasset" 636
"../../../../../Unreal Projects/TestProject/Content/StarterContent/Textures/T_CobbleStone_Pebble_D.uasset" 637
"../../../../../Unreal Projects/TestProject/Content/StarterContent/Materials/M_CobbleStone_Pebble.uasset" 638
"../../../../../Unreal Projects/TestProject/Content/StarterContent/Textures/T_Ceramic_Tile_N.uasset" 639
"../../../../../Unreal Projects/TestProject/Content/StarterContent/Textures/T_Ceramic_Tile_M.uasset" 640
"../../../../../Unreal Projects/TestProject/Content/StarterContent/Materials/M_Ceramic_Tile_Checker.uasset" 641
"../../../../../Unreal Projects/TestProject/Content/StarterContent/Textures/T_Brick_Hewn_Stone_N.uasset" 642
"../../../../../Unreal Projects/TestProject/Content/StarterContent/Textures/T_Brick_Hewn_Stone_M.uasset" 643
"../../../../../Unreal Projects/TestProject/Content/StarterContent/Textures/T_Brick_Hewn_Stone_D.uasset" 644
"../../../../../Unreal Projects/TestProject/Content/StarterContent/Materials/M_Brick_Hewn_Stone.uasset" 645
"../../../../../Unreal Projects/TestProject/Content/StarterContent/Textures/T_Brick_Cut_Stone_N.uasset" 646
"../../../../../Unreal Projects/TestProject/Content/StarterContent/Textures/T_Brick_Cut_Stone_D.uasset" 647
"../../../../../Unreal Projects/TestProject/Content/StarterContent/Materials/M_Brick_Cut_Stone.uasset" 648
"../../../../../Unreal Projects/TestProject/Content/StarterContent/Textures/T_Brick_Clay_Old_N.uasset" 649
"../../../../../Unreal Projects/TestProject/Content/StarterContent/Textures/T_Brick_Clay_Old_D.uasset" 650
"../../../../../Unreal Projects/TestProject/Content/StarterContent/Materials/M_Brick_Clay_Old.uasset" 651
"../../../../../Unreal Projects/TestProject/Content/StarterContent/Textures/T_Brick_Clay_New_N.uasset" 652
"../../../../../Unreal Projects/TestProject/Content/StarterContent/Textures/T_Brick_Clay_New_M.uasset" 653
"../../../../../Unreal Projects/TestProject/Content/StarterContent/Textures/T_Brick_Clay_New_D.uasset" 654
"../../../../../Unreal Projects/TestProject/Content/StarterContent/Materials/M_Brick_Clay_New.uasset" 655
"../../../../../Unreal Projects/TestProject/Content/StarterContent/Textures/T_Brick_Clay_Beveled_N.uasset" 656
"../../../../../Unreal Projects/TestProject/Content/StarterContent/Textures/T_Brick_Clay_Beveled_M.uasset" 657
"../../../../../Unreal Projects/TestProject/Content/StarterContent/Textures/T_Brick_Clay_Beveled_D.uasset" 658
"../../../../../Unreal Projects/TestProject/Content/StarterContent/Materials/M_Brick_Clay_Beveled.uasset" 659
"../../../../../Unreal Projects/TestProject/Content/StarterContent/Maps/StarterMap_BuiltData.uasset" 660
"../../../../../Unreal Projects/TestProject/Content/StarterContent/Textures/T_Lamp_N.uasset" 661
"../../../../../Unreal Projects/TestProject/Content/StarterContent/Textures/T_Lamp_M.uasset" 662
"../../../../../Unreal Projects/TestProject/Content/StarterContent/Props/Materials/M_Lamp.uasset" 663
"../../../../../Unreal Projects/TestProject/Content/StarterContent/Props/SM_Lamp_Wall.uasset" 664
"../../../../../Unreal Projects/TestProject/Content/StarterContent/Blueprints/Blueprint_WallSconce.uasset" 665
"../../../../../Unreal Projects/TestProject/Content/StarterContent/Particles/P_Steam_Lit.uasset" 666
"../../../../../Unreal Projects/TestProject/Content/StarterContent/Audio/Steam01_Cue.uasset" 667
"../../../../../Unreal Projects/TestProject/Content/StarterContent/Blueprints/Blueprint_Effect_Steam.uasset" 668
"../../../../../Unreal Projects/TestProject/Content/StarterContent/Textures/T_Spark_Core.uasset" 669
"../../../../../Unreal Projects/TestProject/Content/StarterContent/Particles/Materials/M_Spark.uasset" 670
"../../../../../Unreal Projects/TestProject/Content/StarterContent/Particles/Materials/M_Radial_Gradient.uasset" 671
"../../../../../Unreal Projects/TestProject/Content/StarterContent/Particles/P_Sparks.uasset" 672
"../../../../../Unreal Projects/TestProject/Content/StarterContent/Audio/Fire_Sparks01_Cue.uasset" 673
"../../../../../Unreal Projects/TestProject/Content/StarterContent/Blueprints/Blueprint_Effect_Sparks.uasset" 674
"../../../../../Unreal Projects/TestProject/Content/StarterContent/Particles/P_Smoke.uasset" 675
"../../../../../Unreal Projects/TestProject/Content/StarterContent/Audio/Smoke01_Cue.uasset" 676
"../../../../../Unreal Projects/TestProject/Content/StarterContent/Blueprints/Blueprint_Effect_Smoke.uasset" 677
"../../../../../Unreal Projects/TestProject/Content/StarterContent/Particles/Materials/M_Heat_Distortion.uasset" 678
"../../../../../Unreal Projects/TestProject/Content/StarterContent/Textures/T_Fire_Tiled_D.uasset" 679
"../../../../../Unreal Projects/TestProject/Content/StarterContent/Textures/T_Fire_SubUV.uasset" 680
"../../../../../Unreal Projects/TestProject/Content/StarterContent/Particles/Materials/M_Fire_SubUV.uasset" 681
"../../../../../Unreal Projects/TestProject/Content/StarterContent/Particles/P_Fire.uasset" 682
"../../../../../Unreal Projects/TestProject/Content/StarterContent/Audio/Fire01_Cue.uasset" 683
"../../../../../Unreal Projects/TestProject/Content/StarterContent/Blueprints/Blueprint_Effect_Fire.uasset" 684
"../../../../../Unreal Projects/TestProject/Content/StarterContent/Props/SM_Lamp_Ceiling.uasset" 685
"../../../../../Unreal Projects/TestProject/Content/StarterContent/Blueprints/Blueprint_CeilingLight.uasset" 686
"../../../../../Unreal Projects/TestProject/Content/StarterContent/Audio/Starter_Music_Cue.uasset" 687
"../../../../../Unreal Projects/TestProject/Content/StarterContent/Audio/Collapse_Cue.uasset" 688
"../../../../../Unreal Projects/TestProject/Content/StarterContent/Architecture/Wall_Window_400x300.uasset" 689
"../../../../../Unreal Projects/TestProject/Content/StarterContent/Architecture/Wall_Door_400x300.uasset" 690
"../../../../../Unreal Projects/TestProject/Content/StarterContent/Architecture/Wall_400x200.uasset" 691
"../../../../../Unreal Projects/TestProject/Content/StarterContent/Maps/StarterMap.umap" 692
"../../../Engine/Content/Maps/Entry_BuiltData.uasset" 693
"../../../Engine/Content/Maps/Entry.umap" 694
